<?xml version="1.0" encoding="UTF-8"?>
<!-- Generated by org.testng.reporters.JUnitReportReporter -->
<testsuite skipped="0" hostname="anita-ThinkPad-E480" name="com.qa.tests.SampleTest" tests="1" failures="0" timestamp="2019-09-20T17:11:58 IST" time="1.746" errors="0">
  <testcase name="googleTitleTest" time="1.746" classname="com.qa.tests.SampleTest"/>
</testsuite> <!-- com.qa.tests.SampleTest -->
