<?xml version="1.0" encoding="UTF-8"?>
<!-- Generated by org.testng.reporters.JUnitReportReporter -->
<testsuite skipped="0" hostname="anita-ThinkPad-E480" name="com.qa.tests.SampleTest" tests="1" failures="0" timestamp="2019-09-10T14:46:56 IST" time="3.140" errors="0">
  <testcase name="googleTitleTest" time="3.140" classname="com.qa.tests.SampleTest"/>
</testsuite> <!-- com.qa.tests.SampleTest -->
